INFO -  Checking System Description Files
INFO -   System description checker passed for G5500V6x8xA30
INFO -   System description checker passed for G5500V6x8xA30
INFO -   System description checker passed for G5500V6x8xA30
INFO -   System description checker passed for G5500V6x8xA30
INFO - ------------------------------
INFO -  Running compliance checks in dir ./results/G5500V6x8xA30_hugectr_22.04/dlrm
INFO -  System G5500V6x8xA30_hugectr_22.04
INFO -  Benchmark dlrm
INFO - ------------------------------
INFO - ------------------------------
INFO - Run 1/5
INFO - Running compliance on file: ./results/G5500V6x8xA30_hugectr_22.04/dlrm/result_1.txt
INFO -  Compliance checks: training_2.1.0/common.yaml
INFO -  Compliance checks: training_2.1.0/closed_common.yaml
INFO -  Compliance checks: training_2.1.0/closed_dlrm.yaml
INFO - ------------------------------
INFO - Run 2/5
INFO - Running compliance on file: ./results/G5500V6x8xA30_hugectr_22.04/dlrm/result_2.txt
INFO -  Compliance checks: training_2.1.0/common.yaml
INFO -  Compliance checks: training_2.1.0/closed_common.yaml
INFO -  Compliance checks: training_2.1.0/closed_dlrm.yaml
INFO - ------------------------------
INFO - Run 3/5
INFO - Running compliance on file: ./results/G5500V6x8xA30_hugectr_22.04/dlrm/result_3.txt
INFO -  Compliance checks: training_2.1.0/common.yaml
INFO -  Compliance checks: training_2.1.0/closed_common.yaml
INFO -  Compliance checks: training_2.1.0/closed_dlrm.yaml
INFO - ------------------------------
INFO - Run 4/5
INFO - Running compliance on file: ./results/G5500V6x8xA30_hugectr_22.04/dlrm/result_4.txt
INFO -  Compliance checks: training_2.1.0/common.yaml
INFO -  Compliance checks: training_2.1.0/closed_common.yaml
INFO -  Compliance checks: training_2.1.0/closed_dlrm.yaml
INFO - ------------------------------
INFO - Run 5/5
INFO - Running compliance on file: ./results/G5500V6x8xA30_hugectr_22.04/dlrm/result_5.txt
INFO -  Compliance checks: training_2.1.0/common.yaml
INFO -  Compliance checks: training_2.1.0/closed_common.yaml
INFO -  Compliance checks: training_2.1.0/closed_dlrm.yaml
INFO - ------------------------------
INFO -  Running Seed Checker
INFO - ------------------------------
INFO -  Running RCP Checker, pass: pruned_rcps
INFO - ------------------------------
INFO -  RCP Record: {'Benchmark': 'dlrm', 'BS': 32768, 'Hyperparams': {'opt_base_learning_rate': 18, 'opt_learning_rate_warmup_steps': 8000, 'lr_decay_start_steps': 70000, 'sgd_opt_base_learning_rate': 18, 'sgd_opt_learning_rate_decay_steps': 30000}, 'Epochs to converge': [1.7, 1.75, 1.75, 1.75, 1.75, 1.75, 1.75, 1.75, 1.8, 1.8], 'RCP Mean': 1.75625, 'RCP Stdev': 0.016535945694153707, 'Max Speedup': 1.0118108412715567, 'Min Epochs': 1.7357493400573731}
INFO -  Submission mean epochs: 1.9000
INFO - RCP Test Passed: RCP not found but slower convergence on smaller batch size
INFO - ------------------------------
INFO - ------------------------------
INFO -  Running compliance checks in dir ./results/G5500V6x8xA30_mxnet_22.04/resnet
INFO -  System G5500V6x8xA30_mxnet_22.04
INFO -  Benchmark resnet
INFO - ------------------------------
INFO - ------------------------------
INFO - Run 1/5
INFO - Running compliance on file: ./results/G5500V6x8xA30_mxnet_22.04/resnet/result_1.txt
INFO -  Compliance checks: training_2.1.0/common.yaml
INFO -  Compliance checks: training_2.1.0/closed_common.yaml
INFO -  Compliance checks: training_2.1.0/closed_resnet.yaml
INFO -  Compliance checks: training_2.1.0/closed_resnet_lars.yaml
INFO - ------------------------------
INFO - Run 2/5
INFO - Running compliance on file: ./results/G5500V6x8xA30_mxnet_22.04/resnet/result_2.txt
INFO -  Compliance checks: training_2.1.0/common.yaml
INFO -  Compliance checks: training_2.1.0/closed_common.yaml
INFO -  Compliance checks: training_2.1.0/closed_resnet.yaml
INFO -  Compliance checks: training_2.1.0/closed_resnet_lars.yaml
INFO - ------------------------------
INFO - Run 3/5
INFO - Running compliance on file: ./results/G5500V6x8xA30_mxnet_22.04/resnet/result_3.txt
INFO -  Compliance checks: training_2.1.0/common.yaml
INFO -  Compliance checks: training_2.1.0/closed_common.yaml
INFO -  Compliance checks: training_2.1.0/closed_resnet.yaml
INFO -  Compliance checks: training_2.1.0/closed_resnet_lars.yaml
INFO - ------------------------------
INFO - Run 4/5
INFO - Running compliance on file: ./results/G5500V6x8xA30_mxnet_22.04/resnet/result_4.txt
INFO -  Compliance checks: training_2.1.0/common.yaml
INFO -  Compliance checks: training_2.1.0/closed_common.yaml
INFO -  Compliance checks: training_2.1.0/closed_resnet.yaml
INFO -  Compliance checks: training_2.1.0/closed_resnet_lars.yaml
INFO - ------------------------------
INFO - Run 5/5
INFO - Running compliance on file: ./results/G5500V6x8xA30_mxnet_22.04/resnet/result_5.txt
INFO -  Compliance checks: training_2.1.0/common.yaml
INFO -  Compliance checks: training_2.1.0/closed_common.yaml
INFO -  Compliance checks: training_2.1.0/closed_resnet.yaml
INFO -  Compliance checks: training_2.1.0/closed_resnet_lars.yaml
INFO - ------------------------------
INFO -  Running Seed Checker
INFO - ------------------------------
INFO -  Running RCP Checker, pass: pruned_rcps
INFO - ------------------------------
INFO -  RCP Record: {'Benchmark': 'resnet', 'BS': 1632, 'Hyperparams': {'optimizer': 'lars', 'opt_base_learning_rate': 7.4, 'opt_learning_rate_warmup_epochs': 2, 'opt_momentum': 0.9, 'opt_weight_decay': 5e-05, 'opt_learning_rate_decay_steps': 27476, 'model_bn_span': 204}, 'Epochs to converge': [33, 34, 34, 34, 34, 35, 35, 35, 35, 35, 35, 35, 35, 35, 37, 37, 37], 'RCP Mean': 35.0, 'RCP Stdev': 0.8944271909999159, 'Max Speedup': 1.029037661913253, 'Min Epochs': 34.01236057281494}
INFO -  Submission mean epochs: 35.0000
INFO - RCP Test Passed: RCP not found but slower convergence on smaller batch size
INFO - ------------------------------
INFO - ------------------------------
INFO -  Running compliance checks in dir ./results/G5500V6x8xA30_pytorch_22.04/rnnt
INFO -  System G5500V6x8xA30_pytorch_22.04
INFO -  Benchmark rnnt
INFO - ------------------------------
INFO - ------------------------------
INFO - Run 1/10
INFO - Running compliance on file: ./results/G5500V6x8xA30_pytorch_22.04/rnnt/result_1.txt
INFO -  Compliance checks: training_2.1.0/common.yaml
INFO -  Compliance checks: training_2.1.0/closed_common.yaml
INFO -  Compliance checks: training_2.1.0/closed_rnnt.yaml
INFO - ------------------------------
INFO - Run 2/10
INFO - Running compliance on file: ./results/G5500V6x8xA30_pytorch_22.04/rnnt/result_10.txt
INFO -  Compliance checks: training_2.1.0/common.yaml
INFO -  Compliance checks: training_2.1.0/closed_common.yaml
INFO -  Compliance checks: training_2.1.0/closed_rnnt.yaml
INFO - ------------------------------
INFO - Run 3/10
INFO - Running compliance on file: ./results/G5500V6x8xA30_pytorch_22.04/rnnt/result_2.txt
INFO -  Compliance checks: training_2.1.0/common.yaml
INFO -  Compliance checks: training_2.1.0/closed_common.yaml
INFO -  Compliance checks: training_2.1.0/closed_rnnt.yaml
INFO - ------------------------------
INFO - Run 4/10
INFO - Running compliance on file: ./results/G5500V6x8xA30_pytorch_22.04/rnnt/result_3.txt
INFO -  Compliance checks: training_2.1.0/common.yaml
INFO -  Compliance checks: training_2.1.0/closed_common.yaml
INFO -  Compliance checks: training_2.1.0/closed_rnnt.yaml
INFO - ------------------------------
INFO - Run 5/10
INFO - Running compliance on file: ./results/G5500V6x8xA30_pytorch_22.04/rnnt/result_4.txt
INFO -  Compliance checks: training_2.1.0/common.yaml
INFO -  Compliance checks: training_2.1.0/closed_common.yaml
INFO -  Compliance checks: training_2.1.0/closed_rnnt.yaml
INFO - ------------------------------
INFO - Run 6/10
INFO - Running compliance on file: ./results/G5500V6x8xA30_pytorch_22.04/rnnt/result_5.txt
INFO -  Compliance checks: training_2.1.0/common.yaml
INFO -  Compliance checks: training_2.1.0/closed_common.yaml
INFO -  Compliance checks: training_2.1.0/closed_rnnt.yaml
INFO - ------------------------------
INFO - Run 7/10
INFO - Running compliance on file: ./results/G5500V6x8xA30_pytorch_22.04/rnnt/result_6.txt
INFO -  Compliance checks: training_2.1.0/common.yaml
INFO -  Compliance checks: training_2.1.0/closed_common.yaml
INFO -  Compliance checks: training_2.1.0/closed_rnnt.yaml
INFO - ------------------------------
INFO - Run 8/10
INFO - Running compliance on file: ./results/G5500V6x8xA30_pytorch_22.04/rnnt/result_7.txt
INFO -  Compliance checks: training_2.1.0/common.yaml
INFO -  Compliance checks: training_2.1.0/closed_common.yaml
INFO -  Compliance checks: training_2.1.0/closed_rnnt.yaml
INFO - ------------------------------
INFO - Run 9/10
INFO - Running compliance on file: ./results/G5500V6x8xA30_pytorch_22.04/rnnt/result_8.txt
INFO -  Compliance checks: training_2.1.0/common.yaml
INFO -  Compliance checks: training_2.1.0/closed_common.yaml
INFO -  Compliance checks: training_2.1.0/closed_rnnt.yaml
INFO - ------------------------------
INFO - Run 10/10
INFO - Running compliance on file: ./results/G5500V6x8xA30_pytorch_22.04/rnnt/result_9.txt
INFO -  Compliance checks: training_2.1.0/common.yaml
INFO -  Compliance checks: training_2.1.0/closed_common.yaml
INFO -  Compliance checks: training_2.1.0/closed_rnnt.yaml
INFO - ------------------------------
INFO -  Running Seed Checker
INFO - ------------------------------
INFO -  Running RCP Checker, pass: pruned_rcps
INFO - ------------------------------
INFO -  RCP Record: {'Benchmark': 'rnnt', 'BS': 2048, 'Hyperparams': {}, 'Epochs to converge': [], 'RCP Mean': 54.07407407407407, 'RCP Stdev': 1.8370254059872677, 'Max Speedup': 1.0248421920943824, 'Min Epochs': 52.76331760265207}
INFO -  Submission mean epochs: 57.1250
INFO - RCP Test Passed: RCP Interpolation
INFO - ------------------------------
INFO - ------------------------------
INFO -  Running compliance checks in dir ./results/G5500V6x8xA30_pytorch_22.09/bert
INFO -  System G5500V6x8xA30_pytorch_22.09
INFO -  Benchmark bert
INFO - ------------------------------
INFO - ------------------------------
INFO - Run 1/10
INFO - Running compliance on file: ./results/G5500V6x8xA30_pytorch_22.09/bert/result_1.txt
INFO -  Compliance checks: training_2.1.0/common.yaml
INFO -  Compliance checks: training_2.1.0/closed_common.yaml
INFO -  Compliance checks: training_2.1.0/closed_bert.yaml
INFO - ------------------------------
INFO - Run 2/10
INFO - Running compliance on file: ./results/G5500V6x8xA30_pytorch_22.09/bert/result_10.txt
INFO -  Compliance checks: training_2.1.0/common.yaml
INFO -  Compliance checks: training_2.1.0/closed_common.yaml
INFO -  Compliance checks: training_2.1.0/closed_bert.yaml
INFO - ------------------------------
INFO - Run 3/10
INFO - Running compliance on file: ./results/G5500V6x8xA30_pytorch_22.09/bert/result_2.txt
INFO -  Compliance checks: training_2.1.0/common.yaml
INFO -  Compliance checks: training_2.1.0/closed_common.yaml
INFO -  Compliance checks: training_2.1.0/closed_bert.yaml
INFO - ------------------------------
INFO - Run 4/10
INFO - Running compliance on file: ./results/G5500V6x8xA30_pytorch_22.09/bert/result_3.txt
INFO -  Compliance checks: training_2.1.0/common.yaml
INFO -  Compliance checks: training_2.1.0/closed_common.yaml
INFO -  Compliance checks: training_2.1.0/closed_bert.yaml
INFO - ------------------------------
INFO - Run 5/10
INFO - Running compliance on file: ./results/G5500V6x8xA30_pytorch_22.09/bert/result_4.txt
INFO -  Compliance checks: training_2.1.0/common.yaml
INFO -  Compliance checks: training_2.1.0/closed_common.yaml
INFO -  Compliance checks: training_2.1.0/closed_bert.yaml
INFO - ------------------------------
INFO - Run 6/10
INFO - Running compliance on file: ./results/G5500V6x8xA30_pytorch_22.09/bert/result_5.txt
INFO -  Compliance checks: training_2.1.0/common.yaml
INFO -  Compliance checks: training_2.1.0/closed_common.yaml
INFO -  Compliance checks: training_2.1.0/closed_bert.yaml
INFO - ------------------------------
INFO - Run 7/10
INFO - Running compliance on file: ./results/G5500V6x8xA30_pytorch_22.09/bert/result_6.txt
INFO -  Compliance checks: training_2.1.0/common.yaml
INFO -  Compliance checks: training_2.1.0/closed_common.yaml
INFO -  Compliance checks: training_2.1.0/closed_bert.yaml
INFO - ------------------------------
INFO - Run 8/10
INFO - Running compliance on file: ./results/G5500V6x8xA30_pytorch_22.09/bert/result_7.txt
INFO -  Compliance checks: training_2.1.0/common.yaml
INFO -  Compliance checks: training_2.1.0/closed_common.yaml
INFO -  Compliance checks: training_2.1.0/closed_bert.yaml
INFO - ------------------------------
INFO - Run 9/10
INFO - Running compliance on file: ./results/G5500V6x8xA30_pytorch_22.09/bert/result_8.txt
INFO -  Compliance checks: training_2.1.0/common.yaml
INFO -  Compliance checks: training_2.1.0/closed_common.yaml
INFO -  Compliance checks: training_2.1.0/closed_bert.yaml
INFO - ------------------------------
INFO - Run 10/10
INFO - Running compliance on file: ./results/G5500V6x8xA30_pytorch_22.09/bert/result_9.txt
INFO -  Compliance checks: training_2.1.0/common.yaml
INFO -  Compliance checks: training_2.1.0/closed_common.yaml
INFO -  Compliance checks: training_2.1.0/closed_bert.yaml
INFO - ------------------------------
INFO -  Running Seed Checker
INFO - ------------------------------
INFO -  Running RCP Checker, pass: pruned_rcps
INFO - ------------------------------
INFO -  RCP Record: {'Benchmark': 'bert', 'BS': 448, 'Hyperparams': {}, 'Epochs to converge': [], 'RCP Mean': 2563897.6767676766, 'RCP Stdev': 193869.90667404307, 'Max Speedup': 1.0570292266768775, 'Min Epochs': 2425569.33343096}
INFO -  Submission mean epochs: 3025064.0000
INFO - RCP Test Passed: RCP Interpolation
INFO - ------------------------------
INFO - ------------------------------
INFO - PACKAGE CHECKER FOUND NO ERRORS, SUCCESS !
INFO - ------------------------------
INFO -  Checking System Description Files
INFO -   System description checker passed for G5500V6x8xA30
INFO -   System description checker passed for G5500V6x8xA30
INFO -   System description checker passed for G5500V6x8xA30
INFO -   System description checker passed for G5500V6x8xA30
INFO - ------------------------------
INFO -  Running compliance checks in dir ./results/G5500V6x8xA30_hugectr_22.04/dlrm
INFO -  System G5500V6x8xA30_hugectr_22.04
INFO -  Benchmark dlrm
INFO - ------------------------------
INFO - ------------------------------
INFO - Run 1/5
INFO - Running compliance on file: ./results/G5500V6x8xA30_hugectr_22.04/dlrm/result_1.txt
INFO -  Compliance checks: training_2.1.0/common.yaml
INFO -  Compliance checks: training_2.1.0/closed_common.yaml
INFO -  Compliance checks: training_2.1.0/closed_dlrm.yaml
INFO - ------------------------------
INFO - Run 2/5
INFO - Running compliance on file: ./results/G5500V6x8xA30_hugectr_22.04/dlrm/result_2.txt
INFO -  Compliance checks: training_2.1.0/common.yaml
INFO -  Compliance checks: training_2.1.0/closed_common.yaml
INFO -  Compliance checks: training_2.1.0/closed_dlrm.yaml
INFO - ------------------------------
INFO - Run 3/5
INFO - Running compliance on file: ./results/G5500V6x8xA30_hugectr_22.04/dlrm/result_3.txt
INFO -  Compliance checks: training_2.1.0/common.yaml
INFO -  Compliance checks: training_2.1.0/closed_common.yaml
INFO -  Compliance checks: training_2.1.0/closed_dlrm.yaml
INFO - ------------------------------
INFO - Run 4/5
INFO - Running compliance on file: ./results/G5500V6x8xA30_hugectr_22.04/dlrm/result_4.txt
INFO -  Compliance checks: training_2.1.0/common.yaml
INFO -  Compliance checks: training_2.1.0/closed_common.yaml
INFO -  Compliance checks: training_2.1.0/closed_dlrm.yaml
INFO - ------------------------------
INFO - Run 5/5
INFO - Running compliance on file: ./results/G5500V6x8xA30_hugectr_22.04/dlrm/result_5.txt
INFO -  Compliance checks: training_2.1.0/common.yaml
INFO -  Compliance checks: training_2.1.0/closed_common.yaml
INFO -  Compliance checks: training_2.1.0/closed_dlrm.yaml
INFO - ------------------------------
INFO -  Running Seed Checker
INFO - ------------------------------
INFO -  Running RCP Checker, pass: pruned_rcps
INFO - ------------------------------
INFO -  RCP Record: {'Benchmark': 'dlrm', 'BS': 32768, 'Hyperparams': {'opt_base_learning_rate': 18, 'opt_learning_rate_warmup_steps': 8000, 'lr_decay_start_steps': 70000, 'sgd_opt_base_learning_rate': 18, 'sgd_opt_learning_rate_decay_steps': 30000}, 'Epochs to converge': [1.7, 1.75, 1.75, 1.75, 1.75, 1.75, 1.75, 1.75, 1.8, 1.8], 'RCP Mean': 1.75625, 'RCP Stdev': 0.016535945694153707, 'Max Speedup': 1.0118108412715567, 'Min Epochs': 1.7357493400573731}
INFO -  Submission mean epochs: 1.9000
INFO - RCP Test Passed: RCP not found but slower convergence on smaller batch size
INFO - ------------------------------
INFO - ------------------------------
INFO -  Running compliance checks in dir ./results/G5500V6x8xA30_mxnet_22.04/resnet
INFO -  System G5500V6x8xA30_mxnet_22.04
INFO -  Benchmark resnet
INFO - ------------------------------
INFO - ------------------------------
INFO - Run 1/5
INFO - Running compliance on file: ./results/G5500V6x8xA30_mxnet_22.04/resnet/result_1.txt
INFO -  Compliance checks: training_2.1.0/common.yaml
INFO -  Compliance checks: training_2.1.0/closed_common.yaml
INFO -  Compliance checks: training_2.1.0/closed_resnet.yaml
INFO -  Compliance checks: training_2.1.0/closed_resnet_lars.yaml
INFO - ------------------------------
INFO - Run 2/5
INFO - Running compliance on file: ./results/G5500V6x8xA30_mxnet_22.04/resnet/result_2.txt
INFO -  Compliance checks: training_2.1.0/common.yaml
INFO -  Compliance checks: training_2.1.0/closed_common.yaml
INFO -  Compliance checks: training_2.1.0/closed_resnet.yaml
INFO -  Compliance checks: training_2.1.0/closed_resnet_lars.yaml
INFO - ------------------------------
INFO - Run 3/5
INFO - Running compliance on file: ./results/G5500V6x8xA30_mxnet_22.04/resnet/result_3.txt
INFO -  Compliance checks: training_2.1.0/common.yaml
INFO -  Compliance checks: training_2.1.0/closed_common.yaml
INFO -  Compliance checks: training_2.1.0/closed_resnet.yaml
INFO -  Compliance checks: training_2.1.0/closed_resnet_lars.yaml
INFO - ------------------------------
INFO - Run 4/5
INFO - Running compliance on file: ./results/G5500V6x8xA30_mxnet_22.04/resnet/result_4.txt
INFO -  Compliance checks: training_2.1.0/common.yaml
INFO -  Compliance checks: training_2.1.0/closed_common.yaml
INFO -  Compliance checks: training_2.1.0/closed_resnet.yaml
INFO -  Compliance checks: training_2.1.0/closed_resnet_lars.yaml
INFO - ------------------------------
INFO - Run 5/5
INFO - Running compliance on file: ./results/G5500V6x8xA30_mxnet_22.04/resnet/result_5.txt
INFO -  Compliance checks: training_2.1.0/common.yaml
INFO -  Compliance checks: training_2.1.0/closed_common.yaml
INFO -  Compliance checks: training_2.1.0/closed_resnet.yaml
INFO -  Compliance checks: training_2.1.0/closed_resnet_lars.yaml
INFO - ------------------------------
INFO -  Running Seed Checker
INFO - ------------------------------
INFO -  Running RCP Checker, pass: pruned_rcps
INFO - ------------------------------
INFO -  RCP Record: {'Benchmark': 'resnet', 'BS': 1632, 'Hyperparams': {'optimizer': 'lars', 'opt_base_learning_rate': 7.4, 'opt_learning_rate_warmup_epochs': 2, 'opt_momentum': 0.9, 'opt_weight_decay': 5e-05, 'opt_learning_rate_decay_steps': 27476, 'model_bn_span': 204}, 'Epochs to converge': [33, 34, 34, 34, 34, 35, 35, 35, 35, 35, 35, 35, 35, 35, 37, 37, 37], 'RCP Mean': 35.0, 'RCP Stdev': 0.8944271909999159, 'Max Speedup': 1.029037661913253, 'Min Epochs': 34.01236057281494}
INFO -  Submission mean epochs: 35.0000
INFO - RCP Test Passed: RCP not found but slower convergence on smaller batch size
INFO - ------------------------------
INFO - ------------------------------
INFO -  Running compliance checks in dir ./results/G5500V6x8xA30_pytorch_22.04/rnnt
INFO -  System G5500V6x8xA30_pytorch_22.04
INFO -  Benchmark rnnt
INFO - ------------------------------
INFO - ------------------------------
INFO - Run 1/10
INFO - Running compliance on file: ./results/G5500V6x8xA30_pytorch_22.04/rnnt/result_1.txt
INFO -  Compliance checks: training_2.1.0/common.yaml
INFO -  Compliance checks: training_2.1.0/closed_common.yaml
INFO -  Compliance checks: training_2.1.0/closed_rnnt.yaml
INFO - ------------------------------
INFO - Run 2/10
INFO - Running compliance on file: ./results/G5500V6x8xA30_pytorch_22.04/rnnt/result_10.txt
INFO -  Compliance checks: training_2.1.0/common.yaml
INFO -  Compliance checks: training_2.1.0/closed_common.yaml
INFO -  Compliance checks: training_2.1.0/closed_rnnt.yaml
INFO - ------------------------------
INFO - Run 3/10
INFO - Running compliance on file: ./results/G5500V6x8xA30_pytorch_22.04/rnnt/result_2.txt
INFO -  Compliance checks: training_2.1.0/common.yaml
INFO -  Compliance checks: training_2.1.0/closed_common.yaml
INFO -  Compliance checks: training_2.1.0/closed_rnnt.yaml
INFO - ------------------------------
INFO - Run 4/10
INFO - Running compliance on file: ./results/G5500V6x8xA30_pytorch_22.04/rnnt/result_3.txt
INFO -  Compliance checks: training_2.1.0/common.yaml
INFO -  Compliance checks: training_2.1.0/closed_common.yaml
INFO -  Compliance checks: training_2.1.0/closed_rnnt.yaml
INFO - ------------------------------
INFO - Run 5/10
INFO - Running compliance on file: ./results/G5500V6x8xA30_pytorch_22.04/rnnt/result_4.txt
INFO -  Compliance checks: training_2.1.0/common.yaml
INFO -  Compliance checks: training_2.1.0/closed_common.yaml
INFO -  Compliance checks: training_2.1.0/closed_rnnt.yaml
INFO - ------------------------------
INFO - Run 6/10
INFO - Running compliance on file: ./results/G5500V6x8xA30_pytorch_22.04/rnnt/result_5.txt
INFO -  Compliance checks: training_2.1.0/common.yaml
INFO -  Compliance checks: training_2.1.0/closed_common.yaml
INFO -  Compliance checks: training_2.1.0/closed_rnnt.yaml
INFO - ------------------------------
INFO - Run 7/10
INFO - Running compliance on file: ./results/G5500V6x8xA30_pytorch_22.04/rnnt/result_6.txt
INFO -  Compliance checks: training_2.1.0/common.yaml
INFO -  Compliance checks: training_2.1.0/closed_common.yaml
INFO -  Compliance checks: training_2.1.0/closed_rnnt.yaml
INFO - ------------------------------
INFO - Run 8/10
INFO - Running compliance on file: ./results/G5500V6x8xA30_pytorch_22.04/rnnt/result_7.txt
INFO -  Compliance checks: training_2.1.0/common.yaml
INFO -  Compliance checks: training_2.1.0/closed_common.yaml
INFO -  Compliance checks: training_2.1.0/closed_rnnt.yaml
INFO - ------------------------------
INFO - Run 9/10
INFO - Running compliance on file: ./results/G5500V6x8xA30_pytorch_22.04/rnnt/result_8.txt
INFO -  Compliance checks: training_2.1.0/common.yaml
INFO -  Compliance checks: training_2.1.0/closed_common.yaml
INFO -  Compliance checks: training_2.1.0/closed_rnnt.yaml
INFO - ------------------------------
INFO - Run 10/10
INFO - Running compliance on file: ./results/G5500V6x8xA30_pytorch_22.04/rnnt/result_9.txt
INFO -  Compliance checks: training_2.1.0/common.yaml
INFO -  Compliance checks: training_2.1.0/closed_common.yaml
INFO -  Compliance checks: training_2.1.0/closed_rnnt.yaml
INFO - ------------------------------
INFO -  Running Seed Checker
INFO - ------------------------------
INFO -  Running RCP Checker, pass: pruned_rcps
INFO - ------------------------------
INFO -  RCP Record: {'Benchmark': 'rnnt', 'BS': 2048, 'Hyperparams': {}, 'Epochs to converge': [], 'RCP Mean': 54.07407407407407, 'RCP Stdev': 1.8370254059872677, 'Max Speedup': 1.0248421920943824, 'Min Epochs': 52.76331760265207}
INFO -  Submission mean epochs: 57.1250
INFO - RCP Test Passed: RCP Interpolation
INFO - ------------------------------
INFO - ------------------------------
INFO -  Running compliance checks in dir ./results/G5500V6x8xA30_pytorch_22.09/bert
INFO -  System G5500V6x8xA30_pytorch_22.09
INFO -  Benchmark bert
INFO - ------------------------------
INFO - ------------------------------
INFO - Run 1/10
INFO - Running compliance on file: ./results/G5500V6x8xA30_pytorch_22.09/bert/result_1.txt
INFO -  Compliance checks: training_2.1.0/common.yaml
INFO -  Compliance checks: training_2.1.0/closed_common.yaml
INFO -  Compliance checks: training_2.1.0/closed_bert.yaml
INFO - ------------------------------
INFO - Run 2/10
INFO - Running compliance on file: ./results/G5500V6x8xA30_pytorch_22.09/bert/result_10.txt
INFO -  Compliance checks: training_2.1.0/common.yaml
INFO -  Compliance checks: training_2.1.0/closed_common.yaml
INFO -  Compliance checks: training_2.1.0/closed_bert.yaml
INFO - ------------------------------
INFO - Run 3/10
INFO - Running compliance on file: ./results/G5500V6x8xA30_pytorch_22.09/bert/result_2.txt
INFO -  Compliance checks: training_2.1.0/common.yaml
INFO -  Compliance checks: training_2.1.0/closed_common.yaml
INFO -  Compliance checks: training_2.1.0/closed_bert.yaml
INFO - ------------------------------
INFO - Run 4/10
INFO - Running compliance on file: ./results/G5500V6x8xA30_pytorch_22.09/bert/result_3.txt
INFO -  Compliance checks: training_2.1.0/common.yaml
INFO -  Compliance checks: training_2.1.0/closed_common.yaml
INFO -  Compliance checks: training_2.1.0/closed_bert.yaml
INFO - ------------------------------
INFO - Run 5/10
INFO - Running compliance on file: ./results/G5500V6x8xA30_pytorch_22.09/bert/result_4.txt
INFO -  Compliance checks: training_2.1.0/common.yaml
INFO -  Compliance checks: training_2.1.0/closed_common.yaml
INFO -  Compliance checks: training_2.1.0/closed_bert.yaml
INFO - ------------------------------
INFO - Run 6/10
INFO - Running compliance on file: ./results/G5500V6x8xA30_pytorch_22.09/bert/result_5.txt
INFO -  Compliance checks: training_2.1.0/common.yaml
INFO -  Compliance checks: training_2.1.0/closed_common.yaml
INFO -  Compliance checks: training_2.1.0/closed_bert.yaml
INFO - ------------------------------
INFO - Run 7/10
INFO - Running compliance on file: ./results/G5500V6x8xA30_pytorch_22.09/bert/result_6.txt
INFO -  Compliance checks: training_2.1.0/common.yaml
INFO -  Compliance checks: training_2.1.0/closed_common.yaml
INFO -  Compliance checks: training_2.1.0/closed_bert.yaml
INFO - ------------------------------
INFO - Run 8/10
INFO - Running compliance on file: ./results/G5500V6x8xA30_pytorch_22.09/bert/result_7.txt
INFO -  Compliance checks: training_2.1.0/common.yaml
INFO -  Compliance checks: training_2.1.0/closed_common.yaml
INFO -  Compliance checks: training_2.1.0/closed_bert.yaml
INFO - ------------------------------
INFO - Run 9/10
INFO - Running compliance on file: ./results/G5500V6x8xA30_pytorch_22.09/bert/result_8.txt
INFO -  Compliance checks: training_2.1.0/common.yaml
INFO -  Compliance checks: training_2.1.0/closed_common.yaml
INFO -  Compliance checks: training_2.1.0/closed_bert.yaml
INFO - ------------------------------
INFO - Run 10/10
INFO - Running compliance on file: ./results/G5500V6x8xA30_pytorch_22.09/bert/result_9.txt
INFO -  Compliance checks: training_2.1.0/common.yaml
INFO -  Compliance checks: training_2.1.0/closed_common.yaml
INFO -  Compliance checks: training_2.1.0/closed_bert.yaml
INFO - ------------------------------
INFO -  Running Seed Checker
INFO - ------------------------------
INFO -  Running RCP Checker, pass: pruned_rcps
INFO - ------------------------------
INFO -  RCP Record: {'Benchmark': 'bert', 'BS': 448, 'Hyperparams': {}, 'Epochs to converge': [], 'RCP Mean': 2563897.6767676766, 'RCP Stdev': 193869.90667404307, 'Max Speedup': 1.0570292266768775, 'Min Epochs': 2425569.33343096}
INFO -  Submission mean epochs: 3025064.0000
INFO - RCP Test Passed: RCP Interpolation
INFO - ------------------------------
INFO - ------------------------------
INFO - PACKAGE CHECKER FOUND NO ERRORS, SUCCESS !
INFO - ------------------------------
